<?xml version="1.0" encoding="UTF-8"?>
<testng-results ignored="0" total="1" passed="1" failed="0" skipped="0">
  <reporter-output>
  </reporter-output>
  <suite started-at="2019-09-13T08:59:56Z" name="Default suite" finished-at="2019-09-13T09:00:33Z" duration-ms="36942">
    <groups>
    </groups>
    <test started-at="2019-09-13T08:59:56Z" name="Default test" finished-at="2019-09-13T09:00:33Z" duration-ms="36942">
      <class name="Tomtom.com.mindtree.Dhamo">
        <test-method signature="init()[pri:0, instance:Tomtom.com.mindtree.Dhamo@43dac38f]" started-at="2019-09-13T08:59:56Z" name="init" finished-at="2019-09-13T09:00:33Z" duration-ms="36919" status="PASS">
          <reporter-output>
          </reporter-output>
        </test-method> <!-- init -->
      </class> <!-- Tomtom.com.mindtree.Dhamo -->
    </test> <!-- Default test -->
  </suite> <!-- Default suite -->
</testng-results>
